This file contains any messages produced by compilers while
running configure, to aid debugging if configure makes a mistake.

It was created by MyH3C configure 1.2, which was
generated by GNU Autoconf 2.68.  Invocation command line was

  $ ./configure 

## --------- ##
## Platform. ##
## --------- ##

hostname = NRHost
uname -m = i686
uname -r = 3.11.0-15-generic
uname -s = Linux
uname -v = #25~precise1-Ubuntu SMP Thu Jan 30 17:42:40 UTC 2014

/usr/bin/uname -p = unknown
/bin/uname -X     = unknown

/bin/arch              = unknown
/usr/bin/arch -k       = unknown
/usr/convex/getsysinfo = unknown
/usr/bin/hostinfo      = unknown
/bin/machine           = unknown
/usr/bin/oslevel       = unknown
/bin/universe          = unknown

PATH: /usr/lib/lightdm/lightdm
PATH: /usr/local/sbin
PATH: /usr/local/bin
PATH: /usr/sbin
PATH: /usr/bin
PATH: /sbin
PATH: /bin
PATH: /usr/games


## ----------- ##
## Core tests. ##
## ----------- ##

configure:2269: checking for a BSD-compatible install
configure:2337: result: /usr/bin/install -c
configure:2348: checking whether build environment is sane
configure:2398: result: yes
configure:2539: checking for a thread-safe mkdir -p
configure:2578: result: /bin/mkdir -p
configure:2591: checking for gawk
configure:2621: result: no
configure:2591: checking for mawk
configure:2607: found /usr/bin/mawk
configure:2618: result: mawk
configure:2629: checking whether make sets $(MAKE)
configure:2651: result: yes
configure:2781: checking for gcc
configure:2797: found /usr/bin/gcc
configure:2808: result: gcc
configure:3037: checking for C compiler version
configure:3046: gcc --version >&5
gcc (Ubuntu/Linaro 4.6.3-1ubuntu5) 4.6.3
Copyright (C) 2011 Free Software Foundation, Inc.
This is free software; see the source for copying conditions.  There is NO
warranty; not even for MERCHANTABILITY or FITNESS FOR A PARTICULAR PURPOSE.

configure:3057: $? = 0
configure:3046: gcc -v >&5
Using built-in specs.
COLLECT_GCC=gcc
COLLECT_LTO_WRAPPER=/usr/lib/gcc/i686-linux-gnu/4.6/lto-wrapper
Target: i686-linux-gnu
Configured with: ../src/configure -v --with-pkgversion='Ubuntu/Linaro 4.6.3-1ubuntu5' --with-bugurl=file:///usr/share/doc/gcc-4.6/README.Bugs --enable-languages=c,c++,fortran,objc,obj-c++ --prefix=/usr --program-suffix=-4.6 --enable-shared --enable-linker-build-id --with-system-zlib --libexecdir=/usr/lib --without-included-gettext --enable-threads=posix --with-gxx-include-dir=/usr/include/c++/4.6 --libdir=/usr/lib --enable-nls --with-sysroot=/ --enable-clocale=gnu --enable-libstdcxx-debug --enable-libstdcxx-time=yes --enable-gnu-unique-object --enable-plugin --enable-objc-gc --enable-targets=all --disable-werror --with-arch-32=i686 --with-tune=generic --enable-checking=release --build=i686-linux-gnu --host=i686-linux-gnu --target=i686-linux-gnu
Thread model: posix
gcc version 4.6.3 (Ubuntu/Linaro 4.6.3-1ubuntu5) 
configure:3057: $? = 0
configure:3046: gcc -V >&5
gcc: error: unrecognized option '-V'
gcc: fatal error: no input files
compilation terminated.
configure:3057: $? = 4
configure:3046: gcc -qversion >&5
gcc: error: unrecognized option '-qversion'
gcc: fatal error: no input files
compilation terminated.
configure:3057: $? = 4
configure:3077: checking whether the C compiler works
configure:3099: gcc    conftest.c  >&5
configure:3103: $? = 0
configure:3151: result: yes
configure:3154: checking for C compiler default output file name
configure:3156: result: a.out
configure:3162: checking for suffix of executables
configure:3169: gcc -o conftest    conftest.c  >&5
configure:3173: $? = 0
configure:3195: result: 
configure:3217: checking whether we are cross compiling
configure:3225: gcc -o conftest    conftest.c  >&5
configure:3229: $? = 0
configure:3236: ./conftest
configure:3240: $? = 0
configure:3255: result: no
configure:3260: checking for suffix of object files
configure:3282: gcc -c   conftest.c >&5
configure:3286: $? = 0
configure:3307: result: o
configure:3311: checking whether we are using the GNU C compiler
configure:3330: gcc -c   conftest.c >&5
configure:3330: $? = 0
configure:3339: result: yes
configure:3348: checking whether gcc accepts -g
configure:3368: gcc -c -g  conftest.c >&5
configure:3368: $? = 0
configure:3409: result: yes
configure:3426: checking for gcc option to accept ISO C89
configure:3490: gcc  -c -g -O2  conftest.c >&5
configure:3490: $? = 0
configure:3503: result: none needed
configure:3534: checking for style of include used by make
configure:3562: result: GNU
configure:3588: checking dependency style of gcc
configure:3699: result: gcc3
configure:3724: checking how to run the C preprocessor
configure:3755: gcc -E  conftest.c
configure:3755: $? = 0
configure:3769: gcc -E  conftest.c
conftest.c:11:28: fatal error: ac_nonexistent.h: No such file or directory
compilation terminated.
configure:3769: $? = 1
configure: failed program was:
| /* confdefs.h */
| #define PACKAGE_NAME "MyH3C"
| #define PACKAGE_TARNAME "myh3c"
| #define PACKAGE_VERSION "1.2"
| #define PACKAGE_STRING "MyH3C 1.2"
| #define PACKAGE_BUGREPORT "shibuyanorailgun@gmail.com"
| #define PACKAGE_URL ""
| #define PACKAGE "myh3c"
| #define VERSION "1.2"
| /* end confdefs.h.  */
| #include <ac_nonexistent.h>
configure:3794: result: gcc -E
configure:3814: gcc -E  conftest.c
configure:3814: $? = 0
configure:3828: gcc -E  conftest.c
conftest.c:11:28: fatal error: ac_nonexistent.h: No such file or directory
compilation terminated.
configure:3828: $? = 1
configure: failed program was:
| /* confdefs.h */
| #define PACKAGE_NAME "MyH3C"
| #define PACKAGE_TARNAME "myh3c"
| #define PACKAGE_VERSION "1.2"
| #define PACKAGE_STRING "MyH3C 1.2"
| #define PACKAGE_BUGREPORT "shibuyanorailgun@gmail.com"
| #define PACKAGE_URL ""
| #define PACKAGE "myh3c"
| #define VERSION "1.2"
| /* end confdefs.h.  */
| #include <ac_nonexistent.h>
configure:3857: checking for grep that handles long lines and -e
configure:3915: result: /bin/grep
configure:3920: checking for egrep
configure:3982: result: /bin/grep -E
configure:3987: checking for ANSI C header files
configure:4007: gcc -c -g -O2  conftest.c >&5
configure:4007: $? = 0
configure:4080: gcc -o conftest -g -O2   conftest.c  >&5
configure:4080: $? = 0
configure:4080: ./conftest
configure:4080: $? = 0
configure:4091: result: yes
configure:4104: checking for sys/types.h
configure:4104: gcc -c -g -O2  conftest.c >&5
configure:4104: $? = 0
configure:4104: result: yes
configure:4104: checking for sys/stat.h
configure:4104: gcc -c -g -O2  conftest.c >&5
configure:4104: $? = 0
configure:4104: result: yes
configure:4104: checking for stdlib.h
configure:4104: gcc -c -g -O2  conftest.c >&5
configure:4104: $? = 0
configure:4104: result: yes
configure:4104: checking for string.h
configure:4104: gcc -c -g -O2  conftest.c >&5
configure:4104: $? = 0
configure:4104: result: yes
configure:4104: checking for memory.h
configure:4104: gcc -c -g -O2  conftest.c >&5
configure:4104: $? = 0
configure:4104: result: yes
configure:4104: checking for strings.h
configure:4104: gcc -c -g -O2  conftest.c >&5
configure:4104: $? = 0
configure:4104: result: yes
configure:4104: checking for inttypes.h
configure:4104: gcc -c -g -O2  conftest.c >&5
configure:4104: $? = 0
configure:4104: result: yes
configure:4104: checking for stdint.h
configure:4104: gcc -c -g -O2  conftest.c >&5
configure:4104: $? = 0
configure:4104: result: yes
configure:4104: checking for unistd.h
configure:4104: gcc -c -g -O2  conftest.c >&5
configure:4104: $? = 0
configure:4104: result: yes
configure:4119: checking arpa/inet.h usability
configure:4119: gcc -c -g -O2  conftest.c >&5
configure:4119: $? = 0
configure:4119: result: yes
configure:4119: checking arpa/inet.h presence
configure:4119: gcc -E  conftest.c
configure:4119: $? = 0
configure:4119: result: yes
configure:4119: checking for arpa/inet.h
configure:4119: result: yes
configure:4119: checking fcntl.h usability
configure:4119: gcc -c -g -O2  conftest.c >&5
configure:4119: $? = 0
configure:4119: result: yes
configure:4119: checking fcntl.h presence
configure:4119: gcc -E  conftest.c
configure:4119: $? = 0
configure:4119: result: yes
configure:4119: checking for fcntl.h
configure:4119: result: yes
configure:4119: checking stddef.h usability
configure:4119: gcc -c -g -O2  conftest.c >&5
configure:4119: $? = 0
configure:4119: result: yes
configure:4119: checking stddef.h presence
configure:4119: gcc -E  conftest.c
configure:4119: $? = 0
configure:4119: result: yes
configure:4119: checking for stddef.h
configure:4119: result: yes
configure:4119: checking for stdint.h
configure:4119: result: yes
configure:4119: checking for stdlib.h
configure:4119: result: yes
configure:4119: checking for string.h
configure:4119: result: yes
configure:4119: checking sys/ioctl.h usability
configure:4119: gcc -c -g -O2  conftest.c >&5
configure:4119: $? = 0
configure:4119: result: yes
configure:4119: checking sys/ioctl.h presence
configure:4119: gcc -E  conftest.c
configure:4119: $? = 0
configure:4119: result: yes
configure:4119: checking for sys/ioctl.h
configure:4119: result: yes
configure:4119: checking sys/socket.h usability
configure:4119: gcc -c -g -O2  conftest.c >&5
configure:4119: $? = 0
configure:4119: result: yes
configure:4119: checking sys/socket.h presence
configure:4119: gcc -E  conftest.c
configure:4119: $? = 0
configure:4119: result: yes
configure:4119: checking for sys/socket.h
configure:4119: result: yes
configure:4119: checking for unistd.h
configure:4119: result: yes
configure:4131: checking for pid_t
configure:4131: gcc -c -g -O2  conftest.c >&5
configure:4131: $? = 0
configure:4131: gcc -c -g -O2  conftest.c >&5
conftest.c: In function 'main':
conftest.c:66:20: error: expected expression before ')' token
configure:4131: $? = 1
configure: failed program was:
| /* confdefs.h */
| #define PACKAGE_NAME "MyH3C"
| #define PACKAGE_TARNAME "myh3c"
| #define PACKAGE_VERSION "1.2"
| #define PACKAGE_STRING "MyH3C 1.2"
| #define PACKAGE_BUGREPORT "shibuyanorailgun@gmail.com"
| #define PACKAGE_URL ""
| #define PACKAGE "myh3c"
| #define VERSION "1.2"
| #define STDC_HEADERS 1
| #define HAVE_SYS_TYPES_H 1
| #define HAVE_SYS_STAT_H 1
| #define HAVE_STDLIB_H 1
| #define HAVE_STRING_H 1
| #define HAVE_MEMORY_H 1
| #define HAVE_STRINGS_H 1
| #define HAVE_INTTYPES_H 1
| #define HAVE_STDINT_H 1
| #define HAVE_UNISTD_H 1
| #define HAVE_ARPA_INET_H 1
| #define HAVE_FCNTL_H 1
| #define HAVE_STDDEF_H 1
| #define HAVE_STDINT_H 1
| #define HAVE_STDLIB_H 1
| #define HAVE_STRING_H 1
| #define HAVE_SYS_IOCTL_H 1
| #define HAVE_SYS_SOCKET_H 1
| #define HAVE_UNISTD_H 1
| /* end confdefs.h.  */
| #include <stdio.h>
| #ifdef HAVE_SYS_TYPES_H
| # include <sys/types.h>
| #endif
| #ifdef HAVE_SYS_STAT_H
| # include <sys/stat.h>
| #endif
| #ifdef STDC_HEADERS
| # include <stdlib.h>
| # include <stddef.h>
| #else
| # ifdef HAVE_STDLIB_H
| #  include <stdlib.h>
| # endif
| #endif
| #ifdef HAVE_STRING_H
| # if !defined STDC_HEADERS && defined HAVE_MEMORY_H
| #  include <memory.h>
| # endif
| # include <string.h>
| #endif
| #ifdef HAVE_STRINGS_H
| # include <strings.h>
| #endif
| #ifdef HAVE_INTTYPES_H
| # include <inttypes.h>
| #endif
| #ifdef HAVE_STDINT_H
| # include <stdint.h>
| #endif
| #ifdef HAVE_UNISTD_H
| # include <unistd.h>
| #endif
| int
| main ()
| {
| if (sizeof ((pid_t)))
| 	    return 0;
|   ;
|   return 0;
| }
configure:4131: result: yes
configure:4142: checking for size_t
configure:4142: gcc -c -g -O2  conftest.c >&5
configure:4142: $? = 0
configure:4142: gcc -c -g -O2  conftest.c >&5
conftest.c: In function 'main':
conftest.c:66:21: error: expected expression before ')' token
configure:4142: $? = 1
configure: failed program was:
| /* confdefs.h */
| #define PACKAGE_NAME "MyH3C"
| #define PACKAGE_TARNAME "myh3c"
| #define PACKAGE_VERSION "1.2"
| #define PACKAGE_STRING "MyH3C 1.2"
| #define PACKAGE_BUGREPORT "shibuyanorailgun@gmail.com"
| #define PACKAGE_URL ""
| #define PACKAGE "myh3c"
| #define VERSION "1.2"
| #define STDC_HEADERS 1
| #define HAVE_SYS_TYPES_H 1
| #define HAVE_SYS_STAT_H 1
| #define HAVE_STDLIB_H 1
| #define HAVE_STRING_H 1
| #define HAVE_MEMORY_H 1
| #define HAVE_STRINGS_H 1
| #define HAVE_INTTYPES_H 1
| #define HAVE_STDINT_H 1
| #define HAVE_UNISTD_H 1
| #define HAVE_ARPA_INET_H 1
| #define HAVE_FCNTL_H 1
| #define HAVE_STDDEF_H 1
| #define HAVE_STDINT_H 1
| #define HAVE_STDLIB_H 1
| #define HAVE_STRING_H 1
| #define HAVE_SYS_IOCTL_H 1
| #define HAVE_SYS_SOCKET_H 1
| #define HAVE_UNISTD_H 1
| /* end confdefs.h.  */
| #include <stdio.h>
| #ifdef HAVE_SYS_TYPES_H
| # include <sys/types.h>
| #endif
| #ifdef HAVE_SYS_STAT_H
| # include <sys/stat.h>
| #endif
| #ifdef STDC_HEADERS
| # include <stdlib.h>
| # include <stddef.h>
| #else
| # ifdef HAVE_STDLIB_H
| #  include <stdlib.h>
| # endif
| #endif
| #ifdef HAVE_STRING_H
| # if !defined STDC_HEADERS && defined HAVE_MEMORY_H
| #  include <memory.h>
| # endif
| # include <string.h>
| #endif
| #ifdef HAVE_STRINGS_H
| # include <strings.h>
| #endif
| #ifdef HAVE_INTTYPES_H
| # include <inttypes.h>
| #endif
| #ifdef HAVE_STDINT_H
| # include <stdint.h>
| #endif
| #ifdef HAVE_UNISTD_H
| # include <unistd.h>
| #endif
| int
| main ()
| {
| if (sizeof ((size_t)))
| 	    return 0;
|   ;
|   return 0;
| }
configure:4142: result: yes
configure:4153: checking for uint16_t
configure:4153: gcc -c -g -O2  conftest.c >&5
configure:4153: $? = 0
configure:4153: result: yes
configure:4165: checking for uint32_t
configure:4165: gcc -c -g -O2  conftest.c >&5
configure:4165: $? = 0
configure:4165: result: yes
configure:4179: checking for uint8_t
configure:4179: gcc -c -g -O2  conftest.c >&5
configure:4179: $? = 0
configure:4179: result: yes
configure:4197: checking vfork.h usability
configure:4197: gcc -c -g -O2  conftest.c >&5
conftest.c:63:19: fatal error: vfork.h: No such file or directory
compilation terminated.
configure:4197: $? = 1
configure: failed program was:
| /* confdefs.h */
| #define PACKAGE_NAME "MyH3C"
| #define PACKAGE_TARNAME "myh3c"
| #define PACKAGE_VERSION "1.2"
| #define PACKAGE_STRING "MyH3C 1.2"
| #define PACKAGE_BUGREPORT "shibuyanorailgun@gmail.com"
| #define PACKAGE_URL ""
| #define PACKAGE "myh3c"
| #define VERSION "1.2"
| #define STDC_HEADERS 1
| #define HAVE_SYS_TYPES_H 1
| #define HAVE_SYS_STAT_H 1
| #define HAVE_STDLIB_H 1
| #define HAVE_STRING_H 1
| #define HAVE_MEMORY_H 1
| #define HAVE_STRINGS_H 1
| #define HAVE_INTTYPES_H 1
| #define HAVE_STDINT_H 1
| #define HAVE_UNISTD_H 1
| #define HAVE_ARPA_INET_H 1
| #define HAVE_FCNTL_H 1
| #define HAVE_STDDEF_H 1
| #define HAVE_STDINT_H 1
| #define HAVE_STDLIB_H 1
| #define HAVE_STRING_H 1
| #define HAVE_SYS_IOCTL_H 1
| #define HAVE_SYS_SOCKET_H 1
| #define HAVE_UNISTD_H 1
| /* end confdefs.h.  */
| #include <stdio.h>
| #ifdef HAVE_SYS_TYPES_H
| # include <sys/types.h>
| #endif
| #ifdef HAVE_SYS_STAT_H
| # include <sys/stat.h>
| #endif
| #ifdef STDC_HEADERS
| # include <stdlib.h>
| # include <stddef.h>
| #else
| # ifdef HAVE_STDLIB_H
| #  include <stdlib.h>
| # endif
| #endif
| #ifdef HAVE_STRING_H
| # if !defined STDC_HEADERS && defined HAVE_MEMORY_H
| #  include <memory.h>
| # endif
| # include <string.h>
| #endif
| #ifdef HAVE_STRINGS_H
| # include <strings.h>
| #endif
| #ifdef HAVE_INTTYPES_H
| # include <inttypes.h>
| #endif
| #ifdef HAVE_STDINT_H
| # include <stdint.h>
| #endif
| #ifdef HAVE_UNISTD_H
| # include <unistd.h>
| #endif
| #include <vfork.h>
configure:4197: result: no
configure:4197: checking vfork.h presence
configure:4197: gcc -E  conftest.c
conftest.c:30:19: fatal error: vfork.h: No such file or directory
compilation terminated.
configure:4197: $? = 1
configure: failed program was:
| /* confdefs.h */
| #define PACKAGE_NAME "MyH3C"
| #define PACKAGE_TARNAME "myh3c"
| #define PACKAGE_VERSION "1.2"
| #define PACKAGE_STRING "MyH3C 1.2"
| #define PACKAGE_BUGREPORT "shibuyanorailgun@gmail.com"
| #define PACKAGE_URL ""
| #define PACKAGE "myh3c"
| #define VERSION "1.2"
| #define STDC_HEADERS 1
| #define HAVE_SYS_TYPES_H 1
| #define HAVE_SYS_STAT_H 1
| #define HAVE_STDLIB_H 1
| #define HAVE_STRING_H 1
| #define HAVE_MEMORY_H 1
| #define HAVE_STRINGS_H 1
| #define HAVE_INTTYPES_H 1
| #define HAVE_STDINT_H 1
| #define HAVE_UNISTD_H 1
| #define HAVE_ARPA_INET_H 1
| #define HAVE_FCNTL_H 1
| #define HAVE_STDDEF_H 1
| #define HAVE_STDINT_H 1
| #define HAVE_STDLIB_H 1
| #define HAVE_STRING_H 1
| #define HAVE_SYS_IOCTL_H 1
| #define HAVE_SYS_SOCKET_H 1
| #define HAVE_UNISTD_H 1
| /* end confdefs.h.  */
| #include <vfork.h>
configure:4197: result: no
configure:4197: checking for vfork.h
configure:4197: result: no
configure:4210: checking for fork
configure:4210: gcc -o conftest -g -O2   conftest.c  >&5
conftest.c:53:6: warning: conflicting types for built-in function 'fork' [enabled by default]
configure:4210: $? = 0
configure:4210: result: yes
configure:4210: checking for vfork
configure:4210: gcc -o conftest -g -O2   conftest.c  >&5
configure:4210: $? = 0
configure:4210: result: yes
configure:4220: checking for working fork
configure:4242: gcc -o conftest -g -O2   conftest.c  >&5
configure:4242: $? = 0
configure:4242: ./conftest
configure:4242: $? = 0
configure:4252: result: yes
configure:4273: checking for working vfork
configure:4383: result: yes
configure:4411: checking for dup2
configure:4411: gcc -o conftest -g -O2   conftest.c  >&5
configure:4411: $? = 0
configure:4411: result: yes
configure:4411: checking for memset
configure:4411: gcc -o conftest -g -O2   conftest.c  >&5
conftest.c:58:6: warning: conflicting types for built-in function 'memset' [enabled by default]
configure:4411: $? = 0
configure:4411: result: yes
configure:4411: checking for socket
configure:4411: gcc -o conftest -g -O2   conftest.c  >&5
configure:4411: $? = 0
configure:4411: result: yes
configure:4589: creating ./config.status

## ---------------------- ##
## Running config.status. ##
## ---------------------- ##

This file was extended by MyH3C config.status 1.2, which was
generated by GNU Autoconf 2.68.  Invocation command line was

  CONFIG_FILES    = 
  CONFIG_HEADERS  = 
  CONFIG_LINKS    = 
  CONFIG_COMMANDS = 
  $ ./config.status 

on NRHost

config.status:787: creating Makefile
config.status:787: creating src/Makefile
config.status:959: executing depfiles commands

## ---------------- ##
## Cache variables. ##
## ---------------- ##

ac_cv_c_compiler_gnu=yes
ac_cv_c_uint16_t=yes
ac_cv_c_uint32_t=yes
ac_cv_c_uint8_t=yes
ac_cv_env_CC_set=
ac_cv_env_CC_value=
ac_cv_env_CFLAGS_set=
ac_cv_env_CFLAGS_value=
ac_cv_env_CPPFLAGS_set=
ac_cv_env_CPPFLAGS_value=
ac_cv_env_CPP_set=
ac_cv_env_CPP_value=
ac_cv_env_LDFLAGS_set=
ac_cv_env_LDFLAGS_value=
ac_cv_env_LIBS_set=
ac_cv_env_LIBS_value=
ac_cv_env_build_alias_set=
ac_cv_env_build_alias_value=
ac_cv_env_host_alias_set=
ac_cv_env_host_alias_value=
ac_cv_env_target_alias_set=
ac_cv_env_target_alias_value=
ac_cv_func_dup2=yes
ac_cv_func_fork=yes
ac_cv_func_fork_works=yes
ac_cv_func_memset=yes
ac_cv_func_socket=yes
ac_cv_func_vfork=yes
ac_cv_func_vfork_works=yes
ac_cv_header_arpa_inet_h=yes
ac_cv_header_fcntl_h=yes
ac_cv_header_inttypes_h=yes
ac_cv_header_memory_h=yes
ac_cv_header_stdc=yes
ac_cv_header_stddef_h=yes
ac_cv_header_stdint_h=yes
ac_cv_header_stdlib_h=yes
ac_cv_header_string_h=yes
ac_cv_header_strings_h=yes
ac_cv_header_sys_ioctl_h=yes
ac_cv_header_sys_socket_h=yes
ac_cv_header_sys_stat_h=yes
ac_cv_header_sys_types_h=yes
ac_cv_header_unistd_h=yes
ac_cv_header_vfork_h=no
ac_cv_objext=o
ac_cv_path_EGREP='/bin/grep -E'
ac_cv_path_GREP=/bin/grep
ac_cv_path_install='/usr/bin/install -c'
ac_cv_path_mkdir=/bin/mkdir
ac_cv_prog_AWK=mawk
ac_cv_prog_CPP='gcc -E'
ac_cv_prog_ac_ct_CC=gcc
ac_cv_prog_cc_c89=
ac_cv_prog_cc_g=yes
ac_cv_prog_make_make_set=yes
ac_cv_type_pid_t=yes
ac_cv_type_size_t=yes
am_cv_CC_dependencies_compiler_type=gcc3

## ----------------- ##
## Output variables. ##
## ----------------- ##

ACLOCAL='${SHELL} /home/nr/workspace/MyH3C/missing --run aclocal-1.11'
AMDEPBACKSLASH='\'
AMDEP_FALSE='#'
AMDEP_TRUE=''
AMTAR='$${TAR-tar}'
AUTOCONF='${SHELL} /home/nr/workspace/MyH3C/missing --run autoconf'
AUTOHEADER='${SHELL} /home/nr/workspace/MyH3C/missing --run autoheader'
AUTOMAKE='${SHELL} /home/nr/workspace/MyH3C/missing --run automake-1.11'
AWK='mawk'
CC='gcc'
CCDEPMODE='depmode=gcc3'
CFLAGS='-g -O2'
CPP='gcc -E'
CPPFLAGS=''
CYGPATH_W='echo'
DEFS='-DPACKAGE_NAME=\"MyH3C\" -DPACKAGE_TARNAME=\"myh3c\" -DPACKAGE_VERSION=\"1.2\" -DPACKAGE_STRING=\"MyH3C\ 1.2\" -DPACKAGE_BUGREPORT=\"shibuyanorailgun@gmail.com\" -DPACKAGE_URL=\"\" -DPACKAGE=\"myh3c\" -DVERSION=\"1.2\" -DSTDC_HEADERS=1 -DHAVE_SYS_TYPES_H=1 -DHAVE_SYS_STAT_H=1 -DHAVE_STDLIB_H=1 -DHAVE_STRING_H=1 -DHAVE_MEMORY_H=1 -DHAVE_STRINGS_H=1 -DHAVE_INTTYPES_H=1 -DHAVE_STDINT_H=1 -DHAVE_UNISTD_H=1 -DHAVE_ARPA_INET_H=1 -DHAVE_FCNTL_H=1 -DHAVE_STDDEF_H=1 -DHAVE_STDINT_H=1 -DHAVE_STDLIB_H=1 -DHAVE_STRING_H=1 -DHAVE_SYS_IOCTL_H=1 -DHAVE_SYS_SOCKET_H=1 -DHAVE_UNISTD_H=1 -DHAVE_FORK=1 -DHAVE_VFORK=1 -DHAVE_WORKING_VFORK=1 -DHAVE_WORKING_FORK=1 -DHAVE_DUP2=1 -DHAVE_MEMSET=1 -DHAVE_SOCKET=1'
DEPDIR='.deps'
ECHO_C=''
ECHO_N='-n'
ECHO_T=''
EGREP='/bin/grep -E'
EXEEXT=''
GREP='/bin/grep'
INSTALL_DATA='${INSTALL} -m 644'
INSTALL_PROGRAM='${INSTALL}'
INSTALL_SCRIPT='${INSTALL}'
INSTALL_STRIP_PROGRAM='$(install_sh) -c -s'
LDFLAGS=''
LIBOBJS=''
LIBS=''
LTLIBOBJS=''
MAKEINFO='${SHELL} /home/nr/workspace/MyH3C/missing --run makeinfo'
MKDIR_P='/bin/mkdir -p'
OBJEXT='o'
PACKAGE='myh3c'
PACKAGE_BUGREPORT='shibuyanorailgun@gmail.com'
PACKAGE_NAME='MyH3C'
PACKAGE_STRING='MyH3C 1.2'
PACKAGE_TARNAME='myh3c'
PACKAGE_URL=''
PACKAGE_VERSION='1.2'
PATH_SEPARATOR=':'
SET_MAKE=''
SHELL='/bin/bash'
STRIP=''
VERSION='1.2'
ac_ct_CC='gcc'
am__EXEEXT_FALSE=''
am__EXEEXT_TRUE='#'
am__fastdepCC_FALSE='#'
am__fastdepCC_TRUE=''
am__include='include'
am__isrc=''
am__leading_dot='.'
am__nodep='_no'
am__quote=''
am__tar='$${TAR-tar} chof - "$$tardir"'
am__untar='$${TAR-tar} xf -'
bindir='${exec_prefix}/bin'
build_alias=''
datadir='${datarootdir}'
datarootdir='${prefix}/share'
docdir='${datarootdir}/doc/${PACKAGE_TARNAME}'
dvidir='${docdir}'
exec_prefix='${prefix}'
host_alias=''
htmldir='${docdir}'
includedir='${prefix}/include'
infodir='${datarootdir}/info'
install_sh='${SHELL} /home/nr/workspace/MyH3C/install-sh'
libdir='${exec_prefix}/lib'
libexecdir='${exec_prefix}/libexec'
localedir='${datarootdir}/locale'
localstatedir='${prefix}/var'
mandir='${datarootdir}/man'
mkdir_p='/bin/mkdir -p'
oldincludedir='/usr/include'
pdfdir='${docdir}'
prefix='/usr/local'
program_transform_name='s,x,x,'
psdir='${docdir}'
sbindir='${exec_prefix}/sbin'
sharedstatedir='${prefix}/com'
sysconfdir='${prefix}/etc'
target_alias=''

## ----------- ##
## confdefs.h. ##
## ----------- ##

/* confdefs.h */
#define PACKAGE_NAME "MyH3C"
#define PACKAGE_TARNAME "myh3c"
#define PACKAGE_VERSION "1.2"
#define PACKAGE_STRING "MyH3C 1.2"
#define PACKAGE_BUGREPORT "shibuyanorailgun@gmail.com"
#define PACKAGE_URL ""
#define PACKAGE "myh3c"
#define VERSION "1.2"
#define STDC_HEADERS 1
#define HAVE_SYS_TYPES_H 1
#define HAVE_SYS_STAT_H 1
#define HAVE_STDLIB_H 1
#define HAVE_STRING_H 1
#define HAVE_MEMORY_H 1
#define HAVE_STRINGS_H 1
#define HAVE_INTTYPES_H 1
#define HAVE_STDINT_H 1
#define HAVE_UNISTD_H 1
#define HAVE_ARPA_INET_H 1
#define HAVE_FCNTL_H 1
#define HAVE_STDDEF_H 1
#define HAVE_STDINT_H 1
#define HAVE_STDLIB_H 1
#define HAVE_STRING_H 1
#define HAVE_SYS_IOCTL_H 1
#define HAVE_SYS_SOCKET_H 1
#define HAVE_UNISTD_H 1
#define HAVE_FORK 1
#define HAVE_VFORK 1
#define HAVE_WORKING_VFORK 1
#define HAVE_WORKING_FORK 1
#define HAVE_DUP2 1
#define HAVE_MEMSET 1
#define HAVE_SOCKET 1

configure: exit 0
